  app.c
  card.c
E:\C\Projects\FWD_Payment_Application\Payment_a\card.c(21,2): warning C4013: 'gets' undefined; assuming extern returning int
E:\C\Projects\FWD_Payment_Application\Payment_a\card.c(22,19): warning C4267: 'initializing': conversion from 'size_t' to 'uint8_t', possible loss of data
E:\C\Projects\FWD_Payment_Application\Payment_a\card.c(46,19): warning C4267: 'initializing': conversion from 'size_t' to 'uint8_t', possible loss of data
E:\C\Projects\FWD_Payment_Application\Payment_a\card.c(71,19): warning C4267: 'initializing': conversion from 'size_t' to 'uint8_t', possible loss of data
  database.c
  main.c
  server.c
E:\C\Projects\FWD_Payment_Application\Payment_a\server.c(8,1): warning C4005: '_CRT_SECURE_NO_WARNINGS': macro redefinition
E:\C\Projects\FWD_Payment_Application\Payment_a\server.c(8,1): message : '_CRT_SECURE_NO_WARNINGS' previously declared on the command line
E:\C\Projects\FWD_Payment_Application\Payment_a\card.h(15,1): warning C4005: '_CRT_SECURE_NO_WARNINGS': macro redefinition
E:\C\Projects\FWD_Payment_Application\Payment_a\server.c(8): message : see previous definition of '_CRT_SECURE_NO_WARNINGS'
  terminal.c
E:\C\Projects\FWD_Payment_Application\Payment_a\terminal.c(21,2): warning C4013: 'gets' undefined; assuming extern returning int
E:\C\Projects\FWD_Payment_Application\Payment_a\terminal.c(22,21): warning C4267: 'initializing': conversion from 'size_t' to 'uint8_t', possible loss of data
E:\C\Projects\FWD_Payment_Application\Payment_a\terminal.c(52,39): warning C4047: 'function': 'const char *const ' differs in levels of indirection from 'uint8_t (*)[6]'
E:\C\Projects\FWD_Payment_Application\Payment_a\terminal.c(52,9): warning C4024: 'sscanf': different types for formal and actual parameter 1
E:\C\Projects\FWD_Payment_Application\Payment_a\terminal.c(52,41): warning C4477: 'sscanf' : format string '%d' requires an argument of type 'int *', but variadic argument 1 has type 'uint16_t *'
E:\C\Projects\FWD_Payment_Application\Payment_a\terminal.c(52,41): message : consider using '%hd' in the format string
E:\C\Projects\FWD_Payment_Application\Payment_a\terminal.c(52,41): warning C4477: 'sscanf' : format string '%d' requires an argument of type 'int *', but variadic argument 2 has type 'uint16_t *'
E:\C\Projects\FWD_Payment_Application\Payment_a\terminal.c(52,41): message : consider using '%hd' in the format string
E:\C\Projects\FWD_Payment_Application\Payment_a\terminal.c(54,36): warning C4047: 'function': 'const char *const ' differs in levels of indirection from 'uint8_t (*)[11]'
E:\C\Projects\FWD_Payment_Application\Payment_a\terminal.c(54,9): warning C4024: 'sscanf': different types for formal and actual parameter 1
E:\C\Projects\FWD_Payment_Application\Payment_a\terminal.c(54,38): warning C4477: 'sscanf' : format string '%d' requires an argument of type 'int *', but variadic argument 1 has type 'uint16_t *'
E:\C\Projects\FWD_Payment_Application\Payment_a\terminal.c(54,38): message : consider using '%hd' in the format string
E:\C\Projects\FWD_Payment_Application\Payment_a\terminal.c(54,38): warning C4477: 'sscanf' : format string '%d' requires an argument of type 'int *', but variadic argument 2 has type 'uint16_t *'
E:\C\Projects\FWD_Payment_Application\Payment_a\terminal.c(54,38): message : consider using '%hd' in the format string
E:\C\Projects\FWD_Payment_Application\Payment_a\terminal.c(54,38): warning C4477: 'sscanf' : format string '%d' requires an argument of type 'int *', but variadic argument 3 has type 'uint16_t *'
E:\C\Projects\FWD_Payment_Application\Payment_a\terminal.c(54,38): message : consider using '%hd' in the format string
  Generating Code...
E:\C\Projects\FWD_Payment_Application\Payment_a\terminal.c(80): warning C4716: 'isValidCardPAN': must return a value
E:\C\Projects\FWD_Payment_Application\Payment_a\server.c(160): warning C4716: 'getTransaction': must return a value
  Payment_a.vcxproj -> E:\C\Projects\FWD_Payment_Application\x64\Debug\Payment_App.exe
